<?xml version="1.0" encoding="UTF-8"?>
<!-- Generated by org.testng.reporters.JUnitReportReporter -->
<testsuite hostname="sornapravinPC" failures="0" tests="1" name="com.nopcommerce.testCases.TC_AddingCustomer_003" time="21.300" errors="0" timestamp="2021-09-24T22:28:32 EDT" skipped="0">
  <testcase classname="com.nopcommerce.testCases.TC_AddingCustomer_003" name="addCustomer" time="21.300"/>
  <system-out/>
</testsuite> <!-- com.nopcommerce.testCases.TC_AddingCustomer_003 -->
