<?xml version="1.0" encoding="UTF-8"?>
<!-- Generated by org.testng.reporters.JUnitReportReporter -->
<testsuite hostname="sornapravinPC" failures="0" tests="1" name="com.nopcommerce.testCases.TC_LoginTest_001" time="12.125" errors="0" timestamp="2021-09-23T17:44:10 EDT" skipped="0">
  <testcase classname="com.nopcommerce.testCases.TC_LoginTest_001" name="loginTest" time="12.125"/>
  <system-out/>
</testsuite> <!-- com.nopcommerce.testCases.TC_LoginTest_001 -->
