<?xml version="1.0" encoding="UTF-8"?>
<!-- Generated by org.testng.reporters.JUnitReportReporter -->
<testsuite hostname="sornapravinPC" failures="0" tests="1" name="com.nopcommerce.testCases.TC_SearchingProduct_005" time="12.103" errors="0" timestamp="2021-10-06T22:28:58 EDT" skipped="0">
  <testcase classname="com.nopcommerce.testCases.TC_SearchingProduct_005" name="searchProduct" time="12.103"/>
  <system-out/>
</testsuite> <!-- com.nopcommerce.testCases.TC_SearchingProduct_005 -->
