<?xml version="1.0" encoding="UTF-8"?>
<!-- Generated by org.testng.reporters.JUnitReportReporter -->
<testsuite hostname="sornapravinPC" failures="0" tests="1" name="com.nopcommerce.testCases.TC_LocateProducct_007" time="26.237" errors="0" timestamp="2021-10-06T22:28:58 EDT" skipped="0">
  <testcase classname="com.nopcommerce.testCases.TC_LocateProducct_007" name="locateProduct" time="26.237"/>
  <system-out/>
</testsuite> <!-- com.nopcommerce.testCases.TC_LocateProducct_007 -->
