<?xml version="1.0" encoding="UTF-8"?>
<!-- Generated by org.testng.reporters.JUnitReportReporter -->
<testsuite skipped="0" hostname="sornapravinPC" name="com.nopcommerce.testCases.TC_SearchingProduct_005" tests="1" failures="0" timestamp="2021-10-07T15:03:01 EDT" time="10.682" errors="0">
  <testcase name="searchProduct" time="10.682" classname="com.nopcommerce.testCases.TC_SearchingProduct_005"/>
  <system-out/>
</testsuite> <!-- com.nopcommerce.testCases.TC_SearchingProduct_005 -->
