<?xml version="1.0" encoding="UTF-8"?>
<!-- Generated by org.testng.reporters.JUnitReportReporter -->
<testsuite skipped="0" hostname="sornapravinPC" name="com.nopcommerce.testCases.TC_PersonalizeStore_004" tests="1" failures="0" timestamp="2021-10-07T15:03:01 EDT" time="15.753" errors="0">
  <testcase name="personalizeStore" time="15.753" classname="com.nopcommerce.testCases.TC_PersonalizeStore_004"/>
  <system-out/>
</testsuite> <!-- com.nopcommerce.testCases.TC_PersonalizeStore_004 -->
